[Params]
    WndTitle   = ODBC-Treiber für BS2000 und anderes - win16
    WndMess    = Gleich geht's los!
    TmpDirSize = 500
    TmpDirName = ~odbc.tmp
    CmdLine    = _bootstp drvsetup %s %s
    DrvModName = _BOOTSTP

[Files]
    _bootstp.exe = _bootstp.exe
    _mssetup.ex_ = _mssetup.exe

    odbc.inf     = odbc.inf
    odbcinst.ini = odbcinst.ini
    odbc.ini     = odbc.ini

    drvsetup.ex_ = drvsetup.exe
;    sosdb16i.dl_ = sosdb16i.dll

    sosdb16.dl_  = sosdb16.dll

    soserror.tx_ = soserror.txt
    sosodbc.cob  = sosodbc.cob

    bc453rtl.dl_ = bc453rtl.dll
    ctl3dv2.dl_  = ctl3dv2.dll 

    odbcadm.ex_  = odbcadm.exe
    odbcinst.dl_ = odbcinst.dll
    odbcinst.hl_ = odbcinst.hlp

    odbc.dl_     = odbc.dll
    odbccurs.dl_ = odbccurs.dll


;   Win32s ODBC 32 --> ODBC 16

    cpn16ut.dl_  = cpn16ut.dll
    odbccp32.dl_ = odbccp32.dll
    odbc16ut.dl_ = odbc16ut.dll
    odbc32.dl_   = odbc32.dll

