[Params]
    WndTitle   = ODBC-Treiber für BS2000 und anderes - win32
    WndMess    = Gleich geht's los!
    TmpDirSize = 500
    TmpDirName = ~odbc.tmp
    CmdLine    = _bootstp drvsetup %s %s
    DrvModName = _BOOTSTP

[Files]
    _bootstp.exe = _bootstp.exe
    _mssetup.ex_ = _mssetup.exe

    odbc.inf     = odbc.inf
    odbcinst.ini = odbcinst.ini
    odbc.ini     = odbc.ini
    drvsetup.ex_ = drvsetup.exe
;    sosodbci.dl_ = sosodbci.dll
    sosodbc.dl_  = sosodbc.dll
    soserror.tx_ = soserror.txt
    sosodbc.cob  = sosodbc.cob

;   msvcrt40.dl_ = msvcrt40.dll
    msvcrt.dl_   = msvcrt.dll
    msvcirt.dl_  = msvcirt.dll
    mfc42.dl_    = mfc42.dll

    ctl3d95.dl_  = ctl3d95.dll 
    ctl3dnt.dl_  = ctl3dnt.dll 

    odbccp32.cp_ = odbccp32.cpl
    odbcad32.ex_ = odbcad32.exe
    odbccp32.dl_ = odbccp32.dll
    odbcinst.hl_ = odbcinst.hlp

    odbc32.dl_   = odbc32.dll
;   odbccr32.dl_ = odbccr32.dll

    odbc16gt.dl_ = odbc16gt.dll
    odbc32gt.dl_ = odbc32gt.dll
    ds16gt.dl_   = ds16gt.dll
    ds32gt.dl_   = ds32gt.dll

;   odbc.dl_     = odbc.dll
;   odbccurs.dl_ = odbccurs.dll

